{"C:\\Users\\KIIT\\Desktop\\Todo-APP\\db.js": {"path":"C:\\Users\\KIIT\\Desktop\\Todo-APP\\db.js","statementMap":{"0":{"start":{"line":1,"column":17},"end":{"line":1,"column":36}},"1":{"start":{"line":3,"column":15},"end":{"line":3,"column":30}},"2":{"start":{"line":4,"column":17},"end":{"line":4,"column":38}},"3":{"start":{"line":6,"column":13},"end":{"line":10,"column":2}},"4":{"start":{"line":12,"column":13},"end":{"line":16,"column":2}},"5":{"start":{"line":18,"column":18},"end":{"line":18,"column":47}},"6":{"start":{"line":19,"column":18},"end":{"line":19,"column":47}},"7":{"start":{"line":21,"column":0},"end":{"line":24,"column":2}}},"fnMap":{},"branchMap":{},"s":{"0":2,"1":2,"2":2,"3":2,"4":2,"5":2,"6":2,"7":2},"f":{},"b":{},"_coverageSchema":"1a1c01bbd47fc00a2c39e90264f33305004495a9","hash":"e836d42771e33fe5de373e766e6ab6a4a98a4244"}
,"C:\\Users\\KIIT\\Desktop\\Todo-APP\\index.js": {"path":"C:\\Users\\KIIT\\Desktop\\Todo-APP\\index.js","statementMap":{"0":{"start":{"line":1,"column":16},"end":{"line":1,"column":34}},"1":{"start":{"line":2,"column":15},"end":{"line":2,"column":32}},"2":{"start":{"line":3,"column":12},"end":{"line":3,"column":35}},"3":{"start":{"line":4,"column":17},"end":{"line":4,"column":36}},"4":{"start":{"line":5,"column":13},"end":{"line":5,"column":28}},"5":{"start":{"line":7,"column":33},"end":{"line":7,"column":48}},"6":{"start":{"line":8,"column":0},"end":{"line":8,"column":27}},"7":{"start":{"line":12,"column":12},"end":{"line":12,"column":21}},"8":{"start":{"line":13,"column":0},"end":{"line":13,"column":24}},"9":{"start":{"line":14,"column":0},"end":{"line":14,"column":16}},"10":{"start":{"line":16,"column":19},"end":{"line":16,"column":41}},"11":{"start":{"line":18,"column":0},"end":{"line":22,"column":1}},"12":{"start":{"line":19,"column":2},"end":{"line":21,"column":71}},"13":{"start":{"line":20,"column":16},"end":{"line":20,"column":53}},"14":{"start":{"line":21,"column":20},"end":{"line":21,"column":69}},"15":{"start":{"line":24,"column":0},"end":{"line":34,"column":3}},"16":{"start":{"line":25,"column":38},"end":{"line":25,"column":46}},"17":{"start":{"line":27,"column":4},"end":{"line":33,"column":5}},"18":{"start":{"line":28,"column":31},"end":{"line":28,"column":61}},"19":{"start":{"line":29,"column":8},"end":{"line":29,"column":74}},"20":{"start":{"line":30,"column":8},"end":{"line":30,"column":63}},"21":{"start":{"line":32,"column":8},"end":{"line":32,"column":65}},"22":{"start":{"line":37,"column":0},"end":{"line":52,"column":3}},"23":{"start":{"line":38,"column":32},"end":{"line":38,"column":40}},"24":{"start":{"line":40,"column":17},"end":{"line":40,"column":51}},"25":{"start":{"line":41,"column":4},"end":{"line":43,"column":5}},"26":{"start":{"line":42,"column":8},"end":{"line":42,"column":82}},"27":{"start":{"line":45,"column":26},"end":{"line":45,"column":71}},"28":{"start":{"line":46,"column":4},"end":{"line":51,"column":5}},"29":{"start":{"line":47,"column":22},"end":{"line":47,"column":71}},"30":{"start":{"line":48,"column":8},"end":{"line":48,"column":75}},"31":{"start":{"line":50,"column":8},"end":{"line":50,"column":67}},"32":{"start":{"line":56,"column":4},"end":{"line":63,"column":5}},"33":{"start":{"line":57,"column":22},"end":{"line":57,"column":39}},"34":{"start":{"line":58,"column":28},"end":{"line":58,"column":57}},"35":{"start":{"line":59,"column":8},"end":{"line":59,"column":36}},"36":{"start":{"line":60,"column":8},"end":{"line":60,"column":15}},"37":{"start":{"line":62,"column":8},"end":{"line":62,"column":70}},"38":{"start":{"line":67,"column":0},"end":{"line":73,"column":3}},"39":{"start":{"line":68,"column":22},"end":{"line":68,"column":30}},"40":{"start":{"line":69,"column":19},"end":{"line":69,"column":29}},"41":{"start":{"line":71,"column":17},"end":{"line":71,"column":71}},"42":{"start":{"line":72,"column":4},"end":{"line":72,"column":60}},"43":{"start":{"line":76,"column":0},"end":{"line":79,"column":3}},"44":{"start":{"line":77,"column":18},"end":{"line":77,"column":62}},"45":{"start":{"line":78,"column":4},"end":{"line":78,"column":36}},"46":{"start":{"line":82,"column":0},"end":{"line":97,"column":3}},"47":{"start":{"line":83,"column":19},"end":{"line":83,"column":29}},"48":{"start":{"line":84,"column":28},"end":{"line":84,"column":36}},"49":{"start":{"line":86,"column":20},"end":{"line":90,"column":5}},"50":{"start":{"line":92,"column":4},"end":{"line":96,"column":5}},"51":{"start":{"line":93,"column":8},"end":{"line":93,"column":73}},"52":{"start":{"line":95,"column":8},"end":{"line":95,"column":76}},"53":{"start":{"line":100,"column":0},"end":{"line":110,"column":3}},"54":{"start":{"line":101,"column":19},"end":{"line":101,"column":29}},"55":{"start":{"line":103,"column":20},"end":{"line":103,"column":85}},"56":{"start":{"line":105,"column":4},"end":{"line":109,"column":5}},"57":{"start":{"line":106,"column":8},"end":{"line":106,"column":58}},"58":{"start":{"line":108,"column":8},"end":{"line":108,"column":76}},"59":{"start":{"line":112,"column":0},"end":{"line":116,"column":1}},"60":{"start":{"line":113,"column":2},"end":{"line":115,"column":5}},"61":{"start":{"line":114,"column":4},"end":{"line":114,"column":62}},"62":{"start":{"line":118,"column":0},"end":{"line":118,"column":21}}},"fnMap":{"0":{"name":"(anonymous_0)","decl":{"start":{"line":20,"column":10},"end":{"line":20,"column":11}},"loc":{"start":{"line":20,"column":16},"end":{"line":20,"column":53}},"line":20},"1":{"name":"(anonymous_1)","decl":{"start":{"line":21,"column":11},"end":{"line":21,"column":12}},"loc":{"start":{"line":21,"column":20},"end":{"line":21,"column":69}},"line":21},"2":{"name":"(anonymous_2)","decl":{"start":{"line":24,"column":20},"end":{"line":24,"column":21}},"loc":{"start":{"line":24,"column":40},"end":{"line":34,"column":1}},"line":24},"3":{"name":"(anonymous_3)","decl":{"start":{"line":37,"column":20},"end":{"line":37,"column":21}},"loc":{"start":{"line":37,"column":40},"end":{"line":52,"column":1}},"line":37},"4":{"name":"auth","decl":{"start":{"line":55,"column":9},"end":{"line":55,"column":13}},"loc":{"start":{"line":55,"column":30},"end":{"line":64,"column":1}},"line":55},"5":{"name":"(anonymous_5)","decl":{"start":{"line":67,"column":24},"end":{"line":67,"column":25}},"loc":{"start":{"line":67,"column":44},"end":{"line":73,"column":1}},"line":67},"6":{"name":"(anonymous_6)","decl":{"start":{"line":76,"column":24},"end":{"line":76,"column":25}},"loc":{"start":{"line":76,"column":44},"end":{"line":79,"column":1}},"line":76},"7":{"name":"(anonymous_7)","decl":{"start":{"line":82,"column":27},"end":{"line":82,"column":28}},"loc":{"start":{"line":82,"column":47},"end":{"line":97,"column":1}},"line":82},"8":{"name":"(anonymous_8)","decl":{"start":{"line":100,"column":30},"end":{"line":100,"column":31}},"loc":{"start":{"line":100,"column":50},"end":{"line":110,"column":1}},"line":100},"9":{"name":"(anonymous_9)","decl":{"start":{"line":113,"column":19},"end":{"line":113,"column":20}},"loc":{"start":{"line":113,"column":25},"end":{"line":115,"column":3}},"line":113}},"branchMap":{"0":{"loc":{"start":{"line":18,"column":0},"end":{"line":22,"column":1}},"type":"if","locations":[{"start":{"line":18,"column":0},"end":{"line":22,"column":1}},{"start":{},"end":{}}],"line":18},"1":{"loc":{"start":{"line":41,"column":4},"end":{"line":43,"column":5}},"type":"if","locations":[{"start":{"line":41,"column":4},"end":{"line":43,"column":5}},{"start":{},"end":{}}],"line":41},"2":{"loc":{"start":{"line":46,"column":4},"end":{"line":51,"column":5}},"type":"if","locations":[{"start":{"line":46,"column":4},"end":{"line":51,"column":5}},{"start":{"line":49,"column":11},"end":{"line":51,"column":5}}],"line":46},"3":{"loc":{"start":{"line":92,"column":4},"end":{"line":96,"column":5}},"type":"if","locations":[{"start":{"line":92,"column":4},"end":{"line":96,"column":5}},{"start":{"line":94,"column":11},"end":{"line":96,"column":5}}],"line":92},"4":{"loc":{"start":{"line":105,"column":4},"end":{"line":109,"column":5}},"type":"if","locations":[{"start":{"line":105,"column":4},"end":{"line":109,"column":5}},{"start":{"line":107,"column":11},"end":{"line":109,"column":5}}],"line":105},"5":{"loc":{"start":{"line":112,"column":0},"end":{"line":116,"column":1}},"type":"if","locations":[{"start":{"line":112,"column":0},"end":{"line":116,"column":1}},{"start":{},"end":{}}],"line":112}},"s":{"0":1,"1":1,"2":1,"3":1,"4":1,"5":1,"6":1,"7":1,"8":1,"9":1,"10":1,"11":1,"12":0,"13":0,"14":0,"15":1,"16":1,"17":1,"18":1,"19":1,"20":1,"21":0,"22":1,"23":2,"24":2,"25":2,"26":0,"27":2,"28":2,"29":1,"30":1,"31":1,"32":0,"33":0,"34":0,"35":0,"36":0,"37":0,"38":1,"39":0,"40":0,"41":0,"42":0,"43":1,"44":0,"45":0,"46":1,"47":0,"48":0,"49":0,"50":0,"51":0,"52":0,"53":1,"54":0,"55":0,"56":0,"57":0,"58":0,"59":1,"60":0,"61":0,"62":1},"f":{"0":0,"1":0,"2":1,"3":2,"4":0,"5":0,"6":0,"7":0,"8":0,"9":0},"b":{"0":[0,1],"1":[0,2],"2":[1,1],"3":[0,0],"4":[0,0],"5":[0,1]},"_coverageSchema":"1a1c01bbd47fc00a2c39e90264f33305004495a9","hash":"6ba31a2c50b8450ce997b5370db5df9498366d1b"}
}
